<?xml version="1.0" encoding="UTF-8"?>
<testsuite xmlns:xsi="http://www.w3.org/2001/XMLSchema-instance" xsi:noNamespaceSchemaLocation="https://maven.apache.org/surefire/maven-surefire-plugin/xsd/surefire-test-report-3.0.xsd" version="3.0" name="com.mile1.StudentTest" time="0.002" tests="9" errors="0" skipped="0" failures="0">
  <properties>
[...]
</properties>
  <testcase name="testNullStudentCount" classname="com.mile1.StudentTest" time="0.0"/>
  <testcase name="testNullName" classname="com.mile1.StudentTest" time="0.0"/>
  <testcase name="testNullStudent" classname="com.mile1.StudentTest" time="0.0"/>
  <testcase name="testNullNameAndMarksCount" classname="com.mile1.StudentTest" time="0.0"/>
  <testcase name="testGradeA" classname="com.mile1.StudentTest" time="0.0"/>
  <testcase name="testGradeB" classname="com.mile1.StudentTest" time="0.0"/>
  <testcase name="testGradeD" classname="com.mile1.StudentTest" time="0.0"/>
  <testcase name="testGradeF" classname="com.mile1.StudentTest" time="0.0"/>
  <testcase name="testNullMarks" classname="com.mile1.StudentTest" time="0.001"/>
</testsuite>